<?xml version="1.0" encoding="UTF-8"?>
<!-- Generated by org.testng.reporters.JUnitReportReporter -->
<testsuite hostname="IEGA-L-174" failures="0" tests="1" name="test.YoutubeTest" time="30.679" errors="0" timestamp="2024-02-07T15:31:49 GMT" skipped="0">
  <testcase classname="test.YoutubeTest" name="testSearchVideo" time="30.679"/>
  <system-out/>
</testsuite> <!-- test.YoutubeTest -->
